This file contains any messages produced by compilers while
running configure, to aid debugging if configure makes a mistake.

It was created by toaster configure 1.0, which was
generated by GNU Autoconf 2.69.  Invocation command line was

  $ ./configure 

## --------- ##
## Platform. ##
## --------- ##

hostname = PC-Vlk
uname -m = x86_64
uname -r = 3.9.7-1-ARCH
uname -s = Linux
uname -v = #1 SMP PREEMPT Thu Jun 20 22:45:32 CEST 2013

/usr/bin/uname -p = unknown
/bin/uname -X     = unknown

/bin/arch              = unknown
/usr/bin/arch -k       = unknown
/usr/convex/getsysinfo = unknown
/usr/bin/hostinfo      = unknown
/bin/machine           = unknown
/usr/bin/oslevel       = unknown
/bin/universe          = unknown

PATH: /usr/lib/colorgcc/bin
PATH: ~/_bin
PATH: ~/.gem/ruby/1.9.1/bin
PATH: /usr/local/sbin
PATH: /usr/local/bin
PATH: /usr/bin
PATH: /usr/bin/core_perl


## ----------- ##
## Core tests. ##
## ----------- ##

configure:1849: checking for gcc
configure:1865: found /usr/bin/gcc
configure:1876: result: gcc
configure:2105: checking for C compiler version
configure:2114: gcc --version >&5
gcc (GCC) 4.8.1
Copyright (C) 2013 Free Software Foundation, Inc.
This is free software; see the source for copying conditions.  There is NO
warranty; not even for MERCHANTABILITY or FITNESS FOR A PARTICULAR PURPOSE.

configure:2125: $? = 0
configure:2114: gcc -v >&5
Using built-in specs.
COLLECT_GCC=gcc
COLLECT_LTO_WRAPPER=/usr/lib/gcc/x86_64-unknown-linux-gnu/4.8.1/lto-wrapper
Target: x86_64-unknown-linux-gnu
Configured with: /build/gcc/src/gcc-4.8.1/configure --prefix=/usr --libdir=/usr/lib --libexecdir=/usr/lib --mandir=/usr/share/man --infodir=/usr/share/info --with-bugurl=https://bugs.archlinux.org/ --enable-languages=c,c++,ada,fortran,go,lto,objc,obj-c++ --enable-shared --enable-threads=posix --with-system-zlib --enable-__cxa_atexit --disable-libunwind-exceptions --enable-clocale=gnu --disable-libstdcxx-pch --enable-gnu-unique-object --enable-linker-build-id --enable-cloog-backend=isl --disable-cloog-version-check --enable-lto --enable-gold --enable-ld=default --enable-plugin --with-plugin-ld=ld.gold --with-linker-hash-style=gnu --disable-install-libiberty --disable-multilib --disable-libssp --disable-werror --enable-checking=release
Thread model: posix
gcc version 4.8.1 (GCC) 
configure:2125: $? = 0
configure:2114: gcc -V >&5
gcc: error: unrecognized command line option '-V'
gcc: fatal error: no input files
compilation terminated.
configure:2125: $? = 1
configure:2114: gcc -qversion >&5
gcc: error: unrecognized command line option '-qversion'
gcc: fatal error: no input files
compilation terminated.
configure:2125: $? = 1
configure:2145: checking whether the C compiler works
configure:2167: gcc    conftest.c  >&5
configure:2171: $? = 0
configure:2219: result: yes
configure:2222: checking for C compiler default output file name
configure:2224: result: a.out
configure:2230: checking for suffix of executables
configure:2237: gcc -o conftest    conftest.c  >&5
configure:2241: $? = 0
configure:2263: result: 
configure:2285: checking whether we are cross compiling
configure:2293: gcc -o conftest    conftest.c  >&5
configure:2297: $? = 0
configure:2304: ./conftest
configure:2308: $? = 0
configure:2323: result: no
configure:2328: checking for suffix of object files
configure:2350: gcc -c   conftest.c >&5
configure:2354: $? = 0
configure:2375: result: o
configure:2379: checking whether we are using the GNU C compiler
configure:2398: gcc -c   conftest.c >&5
configure:2398: $? = 0
configure:2407: result: yes
configure:2416: checking whether gcc accepts -g
configure:2436: gcc -c -g  conftest.c >&5
configure:2436: $? = 0
configure:2477: result: yes
configure:2494: checking for gcc option to accept ISO C89
configure:2557: gcc  -c -g -O2  conftest.c >&5
configure:2557: $? = 0
configure:2570: result: none needed
configure:2633: checking for a BSD-compatible install
configure:2701: result: /usr/bin/install -c
configure:2716: checking for rpmbuild
configure:2746: result: no
configure:2826: checking for xml2-config
configure:2842: found /usr/bin/xml2-config
configure:2854: result: yes
configure:2866: checking for main in -lxml2
configure:2885: gcc -o conftest -g -O2 -O3   conftest.c -lxml2   >&5
configure:2885: $? = 0
configure:2894: result: yes
configure:2924: WARNING: Due to missing rpmbuild you will not able to generate RPM package.
configure:3086: creating ./config.status

## ---------------------- ##
## Running config.status. ##
## ---------------------- ##

This file was extended by toaster config.status 1.0, which was
generated by GNU Autoconf 2.69.  Invocation command line was

  CONFIG_FILES    = 
  CONFIG_HEADERS  = 
  CONFIG_LINKS    = 
  CONFIG_COMMANDS = 
  $ ./config.status 

on PC-Vlk

config.status:730: creating Makefile
config.status:730: creating toaster.spec

## ---------------- ##
## Cache variables. ##
## ---------------- ##

ac_cv_c_compiler_gnu=yes
ac_cv_env_CC_set=
ac_cv_env_CC_value=
ac_cv_env_CFLAGS_set=
ac_cv_env_CFLAGS_value=
ac_cv_env_CPPFLAGS_set=
ac_cv_env_CPPFLAGS_value=
ac_cv_env_LDFLAGS_set=
ac_cv_env_LDFLAGS_value=
ac_cv_env_LIBS_set=
ac_cv_env_LIBS_value=
ac_cv_env_build_alias_set=
ac_cv_env_build_alias_value=
ac_cv_env_host_alias_set=
ac_cv_env_host_alias_value=
ac_cv_env_target_alias_set=
ac_cv_env_target_alias_value=
ac_cv_lib_xml2_main=yes
ac_cv_objext=o
ac_cv_path_install='/usr/bin/install -c'
ac_cv_prog_XML2_CONFIG=yes
ac_cv_prog_ac_ct_CC=gcc
ac_cv_prog_cc_c89=
ac_cv_prog_cc_g=yes

## ----------------- ##
## Output variables. ##
## ----------------- ##

BUILDREQS=', libxml2-devel'
CC='gcc'
CFLAGS='-I/usr/include/libxml2 -g -O2 -O3'
CPPFLAGS=''
DEFS='-DPACKAGE_NAME=\"toaster\" -DPACKAGE_TARNAME=\"toaster\" -DPACKAGE_VERSION=\"1.0\" -DPACKAGE_STRING=\"toaster\ 1.0\" -DPACKAGE_BUGREPORT=\"\" -DPACKAGE_URL=\"\"'
ECHO_C=''
ECHO_N='-n'
ECHO_T=''
EXEEXT=''
INSTALL_DATA='${INSTALL} -m 644'
INSTALL_PROGRAM='${INSTALL}'
INSTALL_SCRIPT='${INSTALL}'
LDFLAGS=''
LIBOBJS=''
LIBS='-lxml2 -lz -lm -ldl '
LTLIBOBJS=''
OBJEXT='o'
PACKAGE_BUGREPORT=''
PACKAGE_NAME='toaster'
PACKAGE_STRING='toaster 1.0'
PACKAGE_TARNAME='toaster'
PACKAGE_URL=''
PACKAGE_VERSION='1.0'
PATH_SEPARATOR=':'
PROJECTNAME='toaster'
RELEASE='1'
REQS=', libnetconf, libxml2'
RPMBUILD=''
SHELL='/bin/sh'
XML2_CONFIG='yes'
ac_ct_CC='gcc'
bindir='${exec_prefix}/bin'
build_alias=''
datadir='${datarootdir}'
datarootdir='${prefix}/share'
docdir='${datarootdir}/doc/${PACKAGE_TARNAME}'
dvidir='${docdir}'
exec_prefix='${prefix}'
host_alias=''
htmldir='${docdir}'
includedir='${prefix}/include'
infodir='${datarootdir}/info'
libdir='${exec_prefix}/lib'
libexecdir='${exec_prefix}/libexec'
localedir='${datarootdir}/locale'
localstatedir='${prefix}/var'
mandir='${datarootdir}/man'
oldincludedir='/usr/include'
pdfdir='${docdir}'
prefix='/usr/local'
program_transform_name='s,x,x,'
psdir='${docdir}'
sbindir='${exec_prefix}/sbin'
sharedstatedir='${prefix}/com'
sysconfdir='${prefix}/etc'
target_alias=''

## ----------- ##
## confdefs.h. ##
## ----------- ##

/* confdefs.h */
#define PACKAGE_NAME "toaster"
#define PACKAGE_TARNAME "toaster"
#define PACKAGE_VERSION "1.0"
#define PACKAGE_STRING "toaster 1.0"
#define PACKAGE_BUGREPORT ""
#define PACKAGE_URL ""

configure: exit 0
