This file contains any messages produced by compilers while
running configure, to aid debugging if configure makes a mistake.

It was created by libnetconf configure 0.5.99, which was
generated by GNU Autoconf 2.69.  Invocation command line was

  $ ./configure --enable-debug --with-examples

## --------- ##
## Platform. ##
## --------- ##

hostname = PC-Vlk
uname -m = x86_64
uname -r = 3.9.7-1-ARCH
uname -s = Linux
uname -v = #1 SMP PREEMPT Thu Jun 20 22:45:32 CEST 2013

/usr/bin/uname -p = unknown
/bin/uname -X     = unknown

/bin/arch              = unknown
/usr/bin/arch -k       = unknown
/usr/convex/getsysinfo = unknown
/usr/bin/hostinfo      = unknown
/bin/machine           = unknown
/usr/bin/oslevel       = unknown
/bin/universe          = unknown

PATH: /usr/lib/colorgcc/bin
PATH: ~/_bin
PATH: ~/.gem/ruby/1.9.1/bin
PATH: /usr/local/sbin
PATH: /usr/local/bin
PATH: /usr/bin
PATH: /usr/bin/core_perl


## ----------- ##
## Core tests. ##
## ----------- ##

configure:2552: checking build system type
configure:2566: result: x86_64-unknown-linux-gnu
configure:2586: checking host system type
configure:2599: result: x86_64-unknown-linux-gnu
configure:2652: checking for pkg-config
configure:2670: found /usr/bin/pkg-config
configure:2683: result: /usr/bin/pkg-config
configure:2978: checking for host architecture
configure:2986: result: x86_64 is supported
configure:3046: checking for doxygen
configure:3074: result: no
configure:3086: checking for rpmbuild
configure:3114: result: no
configure:3172: checking for gcc
configure:3188: found /usr/bin/gcc
configure:3199: result: gcc
configure:3428: checking for C compiler version
configure:3437: gcc --version >&5
gcc (GCC) 4.8.1
Copyright (C) 2013 Free Software Foundation, Inc.
This is free software; see the source for copying conditions.  There is NO
warranty; not even for MERCHANTABILITY or FITNESS FOR A PARTICULAR PURPOSE.

configure:3448: $? = 0
configure:3437: gcc -v >&5
Using built-in specs.
COLLECT_GCC=gcc
COLLECT_LTO_WRAPPER=/usr/lib/gcc/x86_64-unknown-linux-gnu/4.8.1/lto-wrapper
Target: x86_64-unknown-linux-gnu
Configured with: /build/gcc/src/gcc-4.8.1/configure --prefix=/usr --libdir=/usr/lib --libexecdir=/usr/lib --mandir=/usr/share/man --infodir=/usr/share/info --with-bugurl=https://bugs.archlinux.org/ --enable-languages=c,c++,ada,fortran,go,lto,objc,obj-c++ --enable-shared --enable-threads=posix --with-system-zlib --enable-__cxa_atexit --disable-libunwind-exceptions --enable-clocale=gnu --disable-libstdcxx-pch --enable-gnu-unique-object --enable-linker-build-id --enable-cloog-backend=isl --disable-cloog-version-check --enable-lto --enable-gold --enable-ld=default --enable-plugin --with-plugin-ld=ld.gold --with-linker-hash-style=gnu --disable-install-libiberty --disable-multilib --disable-libssp --disable-werror --enable-checking=release
Thread model: posix
gcc version 4.8.1 (GCC) 
configure:3448: $? = 0
configure:3437: gcc -V >&5
gcc: error: unrecognized command line option '-V'
gcc: fatal error: no input files
compilation terminated.
configure:3448: $? = 1
configure:3437: gcc -qversion >&5
gcc: error: unrecognized command line option '-qversion'
gcc: fatal error: no input files
compilation terminated.
configure:3448: $? = 1
configure:3468: checking whether the C compiler works
configure:3490: gcc  -g -DDEBUG  -DRCSID=\"$(IDGIT)\"  conftest.c  -lrt -lutil >&5
<command-line>:0:8: warning: missing terminating " character [enabled by default]
configure:3494: $? = 0
configure:3542: result: yes
configure:3545: checking for C compiler default output file name
configure:3547: result: a.out
configure:3553: checking for suffix of executables
configure:3560: gcc -o conftest  -g -DDEBUG  -DRCSID=\"$(IDGIT)\"  conftest.c  -lrt -lutil >&5
<command-line>:0:8: warning: missing terminating " character [enabled by default]
configure:3564: $? = 0
configure:3586: result: 
configure:3608: checking whether we are cross compiling
configure:3616: gcc -o conftest  -g -DDEBUG  -DRCSID=\"$(IDGIT)\"  conftest.c  -lrt -lutil >&5
<command-line>:0:8: warning: missing terminating " character [enabled by default]
configure:3620: $? = 0
configure:3627: ./conftest
configure:3631: $? = 0
configure:3646: result: no
configure:3651: checking for suffix of object files
configure:3673: gcc -c  -g -DDEBUG  -DRCSID=\"$(IDGIT)\" conftest.c >&5
<command-line>:0:8: warning: missing terminating " character [enabled by default]
configure:3677: $? = 0
configure:3698: result: o
configure:3702: checking whether we are using the GNU C compiler
configure:3721: gcc -c  -g -DDEBUG  -DRCSID=\"$(IDGIT)\" conftest.c >&5
<command-line>:0:8: warning: missing terminating " character [enabled by default]
configure:3721: $? = 0
configure:3730: result: yes
configure:3739: checking whether gcc accepts -g
configure:3759: gcc -c -g  -DRCSID=\"$(IDGIT)\" conftest.c >&5
<command-line>:0:8: warning: missing terminating " character [enabled by default]
configure:3759: $? = 0
configure: failed program was:
| /* confdefs.h */
| #define PACKAGE_NAME "libnetconf"
| #define PACKAGE_TARNAME "libnetconf"
| #define PACKAGE_VERSION "0.5.99"
| #define PACKAGE_STRING "libnetconf 0.5.99"
| #define PACKAGE_BUGREPORT ""
| #define PACKAGE_URL ""
| /* end confdefs.h.  */
| 
| int
| main ()
| {
| 
|   ;
|   return 0;
| }
configure:3774: gcc -c   -DRCSID=\"$(IDGIT)\" conftest.c >&5
<command-line>:0:8: warning: missing terminating " character [enabled by default]
configure:3774: $? = 0
configure: failed program was:
| /* confdefs.h */
| #define PACKAGE_NAME "libnetconf"
| #define PACKAGE_TARNAME "libnetconf"
| #define PACKAGE_VERSION "0.5.99"
| #define PACKAGE_STRING "libnetconf 0.5.99"
| #define PACKAGE_BUGREPORT ""
| #define PACKAGE_URL ""
| /* end confdefs.h.  */
| 
| int
| main ()
| {
| 
|   ;
|   return 0;
| }
configure:3790: gcc -c -g  -DRCSID=\"$(IDGIT)\" conftest.c >&5
<command-line>:0:8: warning: missing terminating " character [enabled by default]
configure:3790: $? = 0
configure:3800: result: yes
configure:3817: checking for gcc option to accept ISO C89
configure:3880: gcc  -c  -g -DDEBUG  -DRCSID=\"$(IDGIT)\" conftest.c >&5
<command-line>:0:8: warning: missing terminating " character [enabled by default]
configure:3880: $? = 0
configure:3893: result: none needed
configure:3918: checking how to run the C preprocessor
configure:3949: gcc -E  -DRCSID=\"$(IDGIT)\" conftest.c
<command-line>:0:8: warning: missing terminating " character [enabled by default]
configure:3949: $? = 0
configure:3963: gcc -E  -DRCSID=\"$(IDGIT)\" conftest.c
<command-line>:0:8: warning: missing terminating " character [enabled by default]
conftest.c:9:28: fatal error: ac_nonexistent.h: No such file or directory
 #include <ac_nonexistent.h>
                            ^
compilation terminated.
configure:3963: $? = 1
configure: failed program was:
| /* confdefs.h */
| #define PACKAGE_NAME "libnetconf"
| #define PACKAGE_TARNAME "libnetconf"
| #define PACKAGE_VERSION "0.5.99"
| #define PACKAGE_STRING "libnetconf 0.5.99"
| #define PACKAGE_BUGREPORT ""
| #define PACKAGE_URL ""
| /* end confdefs.h.  */
| #include <ac_nonexistent.h>
configure:3988: result: gcc -E
configure:4008: gcc -E  -DRCSID=\"$(IDGIT)\" conftest.c
<command-line>:0:8: warning: missing terminating " character [enabled by default]
configure:4008: $? = 0
configure:4022: gcc -E  -DRCSID=\"$(IDGIT)\" conftest.c
<command-line>:0:8: warning: missing terminating " character [enabled by default]
conftest.c:9:28: fatal error: ac_nonexistent.h: No such file or directory
 #include <ac_nonexistent.h>
                            ^
compilation terminated.
configure:4022: $? = 1
configure: failed program was:
| /* confdefs.h */
| #define PACKAGE_NAME "libnetconf"
| #define PACKAGE_TARNAME "libnetconf"
| #define PACKAGE_VERSION "0.5.99"
| #define PACKAGE_STRING "libnetconf 0.5.99"
| #define PACKAGE_BUGREPORT ""
| #define PACKAGE_URL ""
| /* end confdefs.h.  */
| #include <ac_nonexistent.h>
configure:4050: checking whether ln -s works
configure:4054: result: yes
configure:4075: checking for a BSD-compatible install
configure:4143: result: /usr/bin/install -c
configure:4162: checking for xml2-config
configure:4178: found /usr/bin/xml2-config
configure:4190: result: yes
configure:4208: checking for libssh2_version in -lssh2
configure:4233: gcc -o conftest -I/usr/include/libxml2  -g -DDEBUG  -DRCSID=\"$(IDGIT)\" -lxml2 -lz -lm -ldl  conftest.c -lssh2   -lrt -lutil >&5
<command-line>:0:8: warning: missing terminating " character [enabled by default]
configure:4233: $? = 0
configure:4242: result: yes
configure:4256: checking for grep that handles long lines and -e
configure:4314: result: /usr/bin/grep
configure:4319: checking for egrep
configure:4381: result: /usr/bin/grep -E
configure:4386: checking for ANSI C header files
configure:4406: gcc -c -I/usr/include/libxml2  -g -DDEBUG  -DRCSID=\"$(IDGIT)\" conftest.c >&5
<command-line>:0:8: warning: missing terminating " character [enabled by default]
configure:4406: $? = 0
<command-line>:0:8: warning: missing terminating " character [enabled by default]
<command-line>:0:8: warning: missing terminating " character [enabled by default]
configure:4479: gcc -o conftest -I/usr/include/libxml2  -g -DDEBUG  -DRCSID=\"$(IDGIT)\" -lxml2 -lz -lm -ldl  conftest.c -lssh2  -lrt -lutil >&5
<command-line>:0:8: warning: missing terminating " character [enabled by default]
configure:4479: $? = 0
configure:4479: ./conftest
configure:4479: $? = 0
configure:4490: result: yes
configure:4503: checking for sys/types.h
configure:4503: gcc -c -I/usr/include/libxml2  -g -DDEBUG  -DRCSID=\"$(IDGIT)\" conftest.c >&5
<command-line>:0:8: warning: missing terminating " character [enabled by default]
configure:4503: $? = 0
configure:4503: result: yes
configure:4503: checking for sys/stat.h
configure:4503: gcc -c -I/usr/include/libxml2  -g -DDEBUG  -DRCSID=\"$(IDGIT)\" conftest.c >&5
<command-line>:0:8: warning: missing terminating " character [enabled by default]
configure:4503: $? = 0
configure:4503: result: yes
configure:4503: checking for stdlib.h
configure:4503: gcc -c -I/usr/include/libxml2  -g -DDEBUG  -DRCSID=\"$(IDGIT)\" conftest.c >&5
<command-line>:0:8: warning: missing terminating " character [enabled by default]
configure:4503: $? = 0
configure:4503: result: yes
configure:4503: checking for string.h
configure:4503: gcc -c -I/usr/include/libxml2  -g -DDEBUG  -DRCSID=\"$(IDGIT)\" conftest.c >&5
<command-line>:0:8: warning: missing terminating " character [enabled by default]
configure:4503: $? = 0
configure:4503: result: yes
configure:4503: checking for memory.h
configure:4503: gcc -c -I/usr/include/libxml2  -g -DDEBUG  -DRCSID=\"$(IDGIT)\" conftest.c >&5
<command-line>:0:8: warning: missing terminating " character [enabled by default]
configure:4503: $? = 0
configure:4503: result: yes
configure:4503: checking for strings.h
configure:4503: gcc -c -I/usr/include/libxml2  -g -DDEBUG  -DRCSID=\"$(IDGIT)\" conftest.c >&5
<command-line>:0:8: warning: missing terminating " character [enabled by default]
configure:4503: $? = 0
configure:4503: result: yes
configure:4503: checking for inttypes.h
configure:4503: gcc -c -I/usr/include/libxml2  -g -DDEBUG  -DRCSID=\"$(IDGIT)\" conftest.c >&5
<command-line>:0:8: warning: missing terminating " character [enabled by default]
configure:4503: $? = 0
configure:4503: result: yes
configure:4503: checking for stdint.h
configure:4503: gcc -c -I/usr/include/libxml2  -g -DDEBUG  -DRCSID=\"$(IDGIT)\" conftest.c >&5
<command-line>:0:8: warning: missing terminating " character [enabled by default]
configure:4503: $? = 0
configure:4503: result: yes
configure:4503: checking for unistd.h
configure:4503: gcc -c -I/usr/include/libxml2  -g -DDEBUG  -DRCSID=\"$(IDGIT)\" conftest.c >&5
<command-line>:0:8: warning: missing terminating " character [enabled by default]
configure:4503: $? = 0
configure:4503: result: yes
configure:4517: checking libssh2.h usability
configure:4517: gcc -c -I/usr/include/libxml2  -g -DDEBUG  -DRCSID=\"$(IDGIT)\" conftest.c >&5
<command-line>:0:8: warning: missing terminating " character [enabled by default]
configure:4517: $? = 0
configure:4517: result: yes
configure:4517: checking libssh2.h presence
configure:4517: gcc -E  -DRCSID=\"$(IDGIT)\" conftest.c
<command-line>:0:8: warning: missing terminating " character [enabled by default]
configure:4517: $? = 0
configure:4517: result: yes
configure:4517: checking for libssh2.h
configure:4517: result: yes
configure:4638: checking pkg-config is at least version 0.9.0
configure:4641: result: yes
configure:4651: checking for LIBSSH2_HANDSHAKE
configure:4658: $PKG_CONFIG --exists --print-errors "libssh2 >= "1.2.8""
configure:4661: $? = 0
configure:4675: $PKG_CONFIG --exists --print-errors "libssh2 >= "1.2.8""
configure:4678: $? = 0
configure:4716: result: yes
configure:4722: checking for LIBSSH2_TIMEOUT
configure:4729: $PKG_CONFIG --exists --print-errors "libssh2 >= "1.2.9""
configure:4732: $? = 0
configure:4746: $PKG_CONFIG --exists --print-errors "libssh2 >= "1.2.9""
configure:4749: $? = 0
configure:4787: result: yes
configure:4797: checking for readline in -lreadline
configure:4822: gcc -o conftest -I/usr/include/libxml2  -g -DDEBUG  -DRCSID=\"$(IDGIT)\" -lxml2 -lz -lm -ldl  conftest.c -lreadline  -lssh2  -lrt -lutil >&5
<command-line>:0:8: warning: missing terminating " character [enabled by default]
configure:4822: $? = 0
configure:4831: result: yes
configure:4844: checking readline/readline.h usability
configure:4844: gcc -c -I/usr/include/libxml2  -g -DDEBUG  -DRCSID=\"$(IDGIT)\" conftest.c >&5
<command-line>:0:8: warning: missing terminating " character [enabled by default]
configure:4844: $? = 0
configure:4844: result: yes
configure:4844: checking readline/readline.h presence
configure:4844: gcc -E  -DRCSID=\"$(IDGIT)\" conftest.c
<command-line>:0:8: warning: missing terminating " character [enabled by default]
configure:4844: $? = 0
configure:4844: result: yes
configure:4844: checking for readline/readline.h
configure:4844: result: yes
configure:4844: checking readline/history.h usability
configure:4844: gcc -c -I/usr/include/libxml2  -g -DDEBUG  -DRCSID=\"$(IDGIT)\" conftest.c >&5
<command-line>:0:8: warning: missing terminating " character [enabled by default]
configure:4844: $? = 0
configure:4844: result: yes
configure:4844: checking readline/history.h presence
configure:4844: gcc -E  -DRCSID=\"$(IDGIT)\" conftest.c
<command-line>:0:8: warning: missing terminating " character [enabled by default]
configure:4844: $? = 0
configure:4844: result: yes
configure:4844: checking for readline/history.h
configure:4844: result: yes
configure:4858: checking for event_base_dispatch in -levent
configure:4883: gcc -o conftest -I/usr/include/libxml2  -g -DDEBUG  -DRCSID=\"$(IDGIT)\" -lxml2 -lz -lm -ldl  conftest.c -levent  -lssh2  -lrt -lutil >&5
<command-line>:0:8: warning: missing terminating " character [enabled by default]
configure:4883: $? = 0
configure:4892: result: yes
configure:4904: checking event2/event.h usability
configure:4904: gcc -c -I/usr/include/libxml2  -g -DDEBUG  -DRCSID=\"$(IDGIT)\" conftest.c >&5
<command-line>:0:8: warning: missing terminating " character [enabled by default]
configure:4904: $? = 0
configure:4904: result: yes
configure:4904: checking event2/event.h presence
configure:4904: gcc -E  -DRCSID=\"$(IDGIT)\" conftest.c
<command-line>:0:8: warning: missing terminating " character [enabled by default]
configure:4904: $? = 0
configure:4904: result: yes
configure:4904: checking for event2/event.h
configure:4904: result: yes
configure:5087: checking for the pthreads library -lpthreads
configure:5125: gcc -o conftest -I/usr/include/libxml2  -g -DDEBUG   -DRCSID=\"$(IDGIT)\" -lxml2 -lz -lm -ldl  conftest.c -lpthreads -lssh2  -lrt -lutil >&5
<command-line>:0:8: warning: missing terminating " character [enabled by default]
/usr/bin/ld: cannot find -lpthreads
collect2: error: ld returned 1 exit status
configure:5125: $? = 1
configure: failed program was:
| /* confdefs.h */
| #define PACKAGE_NAME "libnetconf"
| #define PACKAGE_TARNAME "libnetconf"
| #define PACKAGE_VERSION "0.5.99"
| #define PACKAGE_STRING "libnetconf 0.5.99"
| #define PACKAGE_BUGREPORT ""
| #define PACKAGE_URL ""
| #define HAVE_LIBSSH2 1
| #define STDC_HEADERS 1
| #define HAVE_SYS_TYPES_H 1
| #define HAVE_SYS_STAT_H 1
| #define HAVE_STDLIB_H 1
| #define HAVE_STRING_H 1
| #define HAVE_MEMORY_H 1
| #define HAVE_STRINGS_H 1
| #define HAVE_INTTYPES_H 1
| #define HAVE_STDINT_H 1
| #define HAVE_UNISTD_H 1
| #define HAVE_LIBSSH2_H 1
| #define HAVE_READLINE_READLINE_H 1
| #define HAVE_READLINE_HISTORY_H 1
| #define HAVE_EVENT2_EVENT_H 1
| /* end confdefs.h.  */
| #include <pthread.h>
|                         static void routine(void *a) { a = 0; }
|                         static void *start_routine(void *a) { return a; }
| int
| main ()
| {
| pthread_t th; pthread_attr_t attr;
|                         pthread_create(&th, 0, start_routine, 0);
|                         pthread_join(th, 0);
|                         pthread_attr_init(&attr);
|                         pthread_cleanup_push(routine, 0);
|                         pthread_cleanup_pop(0) /* ; */
|   ;
|   return 0;
| }
configure:5134: result: no
configure:5032: checking whether pthreads work without any flags
configure:5125: gcc -o conftest -I/usr/include/libxml2  -g -DDEBUG   -DRCSID=\"$(IDGIT)\" -lxml2 -lz -lm -ldl  conftest.c  -lssh2  -lrt -lutil >&5
<command-line>:0:8: warning: missing terminating " character [enabled by default]
/usr/bin/ld: /tmp/cczejlos.o: undefined reference to symbol 'pthread_create@@GLIBC_2.2.5'
/usr/bin/ld: note: 'pthread_create@@GLIBC_2.2.5' is defined in DSO /usr/lib/libpthread.so.0 so try adding it to the linker command line
/usr/lib/libpthread.so.0: could not read symbols: Invalid operation
collect2: error: ld returned 1 exit status
configure:5125: $? = 1
configure: failed program was:
| /* confdefs.h */
| #define PACKAGE_NAME "libnetconf"
| #define PACKAGE_TARNAME "libnetconf"
| #define PACKAGE_VERSION "0.5.99"
| #define PACKAGE_STRING "libnetconf 0.5.99"
| #define PACKAGE_BUGREPORT ""
| #define PACKAGE_URL ""
| #define HAVE_LIBSSH2 1
| #define STDC_HEADERS 1
| #define HAVE_SYS_TYPES_H 1
| #define HAVE_SYS_STAT_H 1
| #define HAVE_STDLIB_H 1
| #define HAVE_STRING_H 1
| #define HAVE_MEMORY_H 1
| #define HAVE_STRINGS_H 1
| #define HAVE_INTTYPES_H 1
| #define HAVE_STDINT_H 1
| #define HAVE_UNISTD_H 1
| #define HAVE_LIBSSH2_H 1
| #define HAVE_READLINE_READLINE_H 1
| #define HAVE_READLINE_HISTORY_H 1
| #define HAVE_EVENT2_EVENT_H 1
| /* end confdefs.h.  */
| #include <pthread.h>
|                         static void routine(void *a) { a = 0; }
|                         static void *start_routine(void *a) { return a; }
| int
| main ()
| {
| pthread_t th; pthread_attr_t attr;
|                         pthread_create(&th, 0, start_routine, 0);
|                         pthread_join(th, 0);
|                         pthread_attr_init(&attr);
|                         pthread_cleanup_push(routine, 0);
|                         pthread_cleanup_pop(0) /* ; */
|   ;
|   return 0;
| }
configure:5134: result: no
configure:5037: checking whether pthreads work with -Kthread
configure:5125: gcc -o conftest -I/usr/include/libxml2  -g -DDEBUG -Kthread  -DRCSID=\"$(IDGIT)\" -lxml2 -lz -lm -ldl  conftest.c  -lssh2  -lrt -lutil >&5
gcc: error: unrecognized command line option '-Kthread'
configure:5125: $? = 1
configure: failed program was:
| /* confdefs.h */
| #define PACKAGE_NAME "libnetconf"
| #define PACKAGE_TARNAME "libnetconf"
| #define PACKAGE_VERSION "0.5.99"
| #define PACKAGE_STRING "libnetconf 0.5.99"
| #define PACKAGE_BUGREPORT ""
| #define PACKAGE_URL ""
| #define HAVE_LIBSSH2 1
| #define STDC_HEADERS 1
| #define HAVE_SYS_TYPES_H 1
| #define HAVE_SYS_STAT_H 1
| #define HAVE_STDLIB_H 1
| #define HAVE_STRING_H 1
| #define HAVE_MEMORY_H 1
| #define HAVE_STRINGS_H 1
| #define HAVE_INTTYPES_H 1
| #define HAVE_STDINT_H 1
| #define HAVE_UNISTD_H 1
| #define HAVE_LIBSSH2_H 1
| #define HAVE_READLINE_READLINE_H 1
| #define HAVE_READLINE_HISTORY_H 1
| #define HAVE_EVENT2_EVENT_H 1
| /* end confdefs.h.  */
| #include <pthread.h>
|                         static void routine(void *a) { a = 0; }
|                         static void *start_routine(void *a) { return a; }
| int
| main ()
| {
| pthread_t th; pthread_attr_t attr;
|                         pthread_create(&th, 0, start_routine, 0);
|                         pthread_join(th, 0);
|                         pthread_attr_init(&attr);
|                         pthread_cleanup_push(routine, 0);
|                         pthread_cleanup_pop(0) /* ; */
|   ;
|   return 0;
| }
configure:5134: result: no
configure:5037: checking whether pthreads work with -kthread
configure:5125: gcc -o conftest -I/usr/include/libxml2  -g -DDEBUG -kthread  -DRCSID=\"$(IDGIT)\" -lxml2 -lz -lm -ldl  conftest.c  -lssh2  -lrt -lutil >&5
gcc: error: unrecognized command line option '-kthread'
configure:5125: $? = 1
configure: failed program was:
| /* confdefs.h */
| #define PACKAGE_NAME "libnetconf"
| #define PACKAGE_TARNAME "libnetconf"
| #define PACKAGE_VERSION "0.5.99"
| #define PACKAGE_STRING "libnetconf 0.5.99"
| #define PACKAGE_BUGREPORT ""
| #define PACKAGE_URL ""
| #define HAVE_LIBSSH2 1
| #define STDC_HEADERS 1
| #define HAVE_SYS_TYPES_H 1
| #define HAVE_SYS_STAT_H 1
| #define HAVE_STDLIB_H 1
| #define HAVE_STRING_H 1
| #define HAVE_MEMORY_H 1
| #define HAVE_STRINGS_H 1
| #define HAVE_INTTYPES_H 1
| #define HAVE_STDINT_H 1
| #define HAVE_UNISTD_H 1
| #define HAVE_LIBSSH2_H 1
| #define HAVE_READLINE_READLINE_H 1
| #define HAVE_READLINE_HISTORY_H 1
| #define HAVE_EVENT2_EVENT_H 1
| /* end confdefs.h.  */
| #include <pthread.h>
|                         static void routine(void *a) { a = 0; }
|                         static void *start_routine(void *a) { return a; }
| int
| main ()
| {
| pthread_t th; pthread_attr_t attr;
|                         pthread_create(&th, 0, start_routine, 0);
|                         pthread_join(th, 0);
|                         pthread_attr_init(&attr);
|                         pthread_cleanup_push(routine, 0);
|                         pthread_cleanup_pop(0) /* ; */
|   ;
|   return 0;
| }
configure:5134: result: no
configure:5087: checking for the pthreads library -llthread
configure:5125: gcc -o conftest -I/usr/include/libxml2  -g -DDEBUG   -DRCSID=\"$(IDGIT)\" -lxml2 -lz -lm -ldl  conftest.c -llthread -lssh2  -lrt -lutil >&5
<command-line>:0:8: warning: missing terminating " character [enabled by default]
/usr/bin/ld: cannot find -llthread
collect2: error: ld returned 1 exit status
configure:5125: $? = 1
configure: failed program was:
| /* confdefs.h */
| #define PACKAGE_NAME "libnetconf"
| #define PACKAGE_TARNAME "libnetconf"
| #define PACKAGE_VERSION "0.5.99"
| #define PACKAGE_STRING "libnetconf 0.5.99"
| #define PACKAGE_BUGREPORT ""
| #define PACKAGE_URL ""
| #define HAVE_LIBSSH2 1
| #define STDC_HEADERS 1
| #define HAVE_SYS_TYPES_H 1
| #define HAVE_SYS_STAT_H 1
| #define HAVE_STDLIB_H 1
| #define HAVE_STRING_H 1
| #define HAVE_MEMORY_H 1
| #define HAVE_STRINGS_H 1
| #define HAVE_INTTYPES_H 1
| #define HAVE_STDINT_H 1
| #define HAVE_UNISTD_H 1
| #define HAVE_LIBSSH2_H 1
| #define HAVE_READLINE_READLINE_H 1
| #define HAVE_READLINE_HISTORY_H 1
| #define HAVE_EVENT2_EVENT_H 1
| /* end confdefs.h.  */
| #include <pthread.h>
|                         static void routine(void *a) { a = 0; }
|                         static void *start_routine(void *a) { return a; }
| int
| main ()
| {
| pthread_t th; pthread_attr_t attr;
|                         pthread_create(&th, 0, start_routine, 0);
|                         pthread_join(th, 0);
|                         pthread_attr_init(&attr);
|                         pthread_cleanup_push(routine, 0);
|                         pthread_cleanup_pop(0) /* ; */
|   ;
|   return 0;
| }
configure:5134: result: no
configure:5037: checking whether pthreads work with -pthread
configure:5125: gcc -o conftest -I/usr/include/libxml2  -g -DDEBUG -pthread  -DRCSID=\"$(IDGIT)\" -lxml2 -lz -lm -ldl  conftest.c  -lssh2  -lrt -lutil >&5
<command-line>:0:8: warning: missing terminating " character [enabled by default]
configure:5125: $? = 0
configure:5134: result: yes
configure:5153: checking for joinable pthread attribute
configure:5168: gcc -o conftest -I/usr/include/libxml2  -g -DDEBUG -pthread  -DRCSID=\"$(IDGIT)\" -lxml2 -lz -lm -ldl  conftest.c  -lssh2  -lrt -lutil >&5
<command-line>:0:8: warning: missing terminating " character [enabled by default]
configure:5168: $? = 0
configure:5174: result: PTHREAD_CREATE_JOINABLE
configure:5184: checking if more special flags are required for pthreads
configure:5198: result: no
configure:5204: checking for PTHREAD_PRIO_INHERIT
configure:5222: gcc -o conftest -I/usr/include/libxml2  -g -DDEBUG -pthread  -DRCSID=\"$(IDGIT)\" -lxml2 -lz -lm -ldl  conftest.c  -lssh2  -lrt -lutil >&5
<command-line>:0:8: warning: missing terminating " character [enabled by default]
configure:5222: $? = 0
configure:5231: result: yes
configure:5323: checking for DBUS
configure:5330: $PKG_CONFIG --exists --print-errors "dbus-1 >= 1.0.0"
configure:5333: $? = 0
configure:5347: $PKG_CONFIG --exists --print-errors "dbus-1 >= 1.0.0"
configure:5350: $? = 0
configure:5408: result: yes
configure:5423: checking for CURL
configure:5430: $PKG_CONFIG --exists --print-errors "libcurl"
configure:5433: $? = 0
configure:5447: $PKG_CONFIG --exists --print-errors "libcurl"
configure:5450: $? = 0
configure:5508: result: yes
configure:5512: checking for curl_global_init in -lcurl
configure:5537: gcc -o conftest -I/usr/include/libxml2  -g -DDEBUG -pthread -I/usr/include/dbus-1.0 -I/usr/lib/dbus-1.0/include   -DRCSID=\"$(IDGIT)\" -lxml2 -lz -lm -ldl  conftest.c -lcurl   -lssh2  -lrt -lutil -ldbus-1  >&5
<command-line>:0:8: warning: missing terminating " character [enabled by default]
configure:5537: $? = 0
configure:5546: result: yes
configure:5561: checking curl/curl.h usability
configure:5561: gcc -c -I/usr/include/libxml2  -g -DDEBUG -pthread -I/usr/include/dbus-1.0 -I/usr/lib/dbus-1.0/include   -DRCSID=\"$(IDGIT)\" conftest.c >&5
<command-line>:0:8: warning: missing terminating " character [enabled by default]
configure:5561: $? = 0
configure:5561: result: yes
configure:5561: checking curl/curl.h presence
configure:5561: gcc -E  -DRCSID=\"$(IDGIT)\" conftest.c
<command-line>:0:8: warning: missing terminating " character [enabled by default]
configure:5561: $? = 0
configure:5561: result: yes
configure:5561: checking for curl/curl.h
configure:5561: result: yes
configure:5583: checking fcntl.h usability
configure:5583: gcc -c -I/usr/include/libxml2  -g -DDEBUG -pthread -I/usr/include/dbus-1.0 -I/usr/lib/dbus-1.0/include   -DRCSID=\"$(IDGIT)\" conftest.c >&5
<command-line>:0:8: warning: missing terminating " character [enabled by default]
configure:5583: $? = 0
configure:5583: result: yes
configure:5583: checking fcntl.h presence
configure:5583: gcc -E  -DRCSID=\"$(IDGIT)\" conftest.c
<command-line>:0:8: warning: missing terminating " character [enabled by default]
configure:5583: $? = 0
configure:5583: result: yes
configure:5583: checking for fcntl.h
configure:5583: result: yes
configure:5583: checking limits.h usability
configure:5583: gcc -c -I/usr/include/libxml2  -g -DDEBUG -pthread -I/usr/include/dbus-1.0 -I/usr/lib/dbus-1.0/include   -DRCSID=\"$(IDGIT)\" conftest.c >&5
<command-line>:0:8: warning: missing terminating " character [enabled by default]
configure:5583: $? = 0
configure:5583: result: yes
configure:5583: checking limits.h presence
configure:5583: gcc -E  -DRCSID=\"$(IDGIT)\" conftest.c
<command-line>:0:8: warning: missing terminating " character [enabled by default]
configure:5583: $? = 0
configure:5583: result: yes
configure:5583: checking for limits.h
configure:5583: result: yes
configure:5583: checking netdb.h usability
configure:5583: gcc -c -I/usr/include/libxml2  -g -DDEBUG -pthread -I/usr/include/dbus-1.0 -I/usr/lib/dbus-1.0/include   -DRCSID=\"$(IDGIT)\" conftest.c >&5
<command-line>:0:8: warning: missing terminating " character [enabled by default]
configure:5583: $? = 0
configure:5583: result: yes
configure:5583: checking netdb.h presence
configure:5583: gcc -E  -DRCSID=\"$(IDGIT)\" conftest.c
<command-line>:0:8: warning: missing terminating " character [enabled by default]
configure:5583: $? = 0
configure:5583: result: yes
configure:5583: checking for netdb.h
configure:5583: result: yes
configure:5583: checking stddef.h usability
configure:5583: gcc -c -I/usr/include/libxml2  -g -DDEBUG -pthread -I/usr/include/dbus-1.0 -I/usr/lib/dbus-1.0/include   -DRCSID=\"$(IDGIT)\" conftest.c >&5
<command-line>:0:8: warning: missing terminating " character [enabled by default]
configure:5583: $? = 0
configure:5583: result: yes
configure:5583: checking stddef.h presence
configure:5583: gcc -E  -DRCSID=\"$(IDGIT)\" conftest.c
<command-line>:0:8: warning: missing terminating " character [enabled by default]
configure:5583: $? = 0
configure:5583: result: yes
configure:5583: checking for stddef.h
configure:5583: result: yes
configure:5583: checking for stdint.h
configure:5583: result: yes
configure:5583: checking for stdlib.h
configure:5583: result: yes
configure:5583: checking for string.h
configure:5583: result: yes
configure:5583: checking sys/socket.h usability
configure:5583: gcc -c -I/usr/include/libxml2  -g -DDEBUG -pthread -I/usr/include/dbus-1.0 -I/usr/lib/dbus-1.0/include   -DRCSID=\"$(IDGIT)\" conftest.c >&5
<command-line>:0:8: warning: missing terminating " character [enabled by default]
configure:5583: $? = 0
configure:5583: result: yes
configure:5583: checking sys/socket.h presence
configure:5583: gcc -E  -DRCSID=\"$(IDGIT)\" conftest.c
<command-line>:0:8: warning: missing terminating " character [enabled by default]
configure:5583: $? = 0
configure:5583: result: yes
configure:5583: checking for sys/socket.h
configure:5583: result: yes
configure:5583: checking termios.h usability
configure:5583: gcc -c -I/usr/include/libxml2  -g -DDEBUG -pthread -I/usr/include/dbus-1.0 -I/usr/lib/dbus-1.0/include   -DRCSID=\"$(IDGIT)\" conftest.c >&5
<command-line>:0:8: warning: missing terminating " character [enabled by default]
configure:5583: $? = 0
configure:5583: result: yes
configure:5583: checking termios.h presence
configure:5583: gcc -E  -DRCSID=\"$(IDGIT)\" conftest.c
<command-line>:0:8: warning: missing terminating " character [enabled by default]
configure:5583: $? = 0
configure:5583: result: yes
configure:5583: checking for termios.h
configure:5583: result: yes
configure:5583: checking for unistd.h
configure:5583: result: yes
configure:5583: checking utmpx.h usability
configure:5583: gcc -c -I/usr/include/libxml2  -g -DDEBUG -pthread -I/usr/include/dbus-1.0 -I/usr/lib/dbus-1.0/include   -DRCSID=\"$(IDGIT)\" conftest.c >&5
<command-line>:0:8: warning: missing terminating " character [enabled by default]
configure:5583: $? = 0
configure:5583: result: yes
configure:5583: checking utmpx.h presence
configure:5583: gcc -E  -DRCSID=\"$(IDGIT)\" conftest.c
<command-line>:0:8: warning: missing terminating " character [enabled by default]
configure:5583: $? = 0
configure:5583: result: yes
configure:5583: checking for utmpx.h
configure:5583: result: yes
configure:5597: checking for stdbool.h that conforms to C99
configure:5664: gcc -c -I/usr/include/libxml2  -g -DDEBUG -pthread -I/usr/include/dbus-1.0 -I/usr/lib/dbus-1.0/include   -DRCSID=\"$(IDGIT)\" conftest.c >&5
<command-line>:0:8: warning: missing terminating " character [enabled by default]
configure:5664: $? = 0
configure:5671: result: yes
configure:5673: checking for _Bool
configure:5673: gcc -c -I/usr/include/libxml2  -g -DDEBUG -pthread -I/usr/include/dbus-1.0 -I/usr/lib/dbus-1.0/include   -DRCSID=\"$(IDGIT)\" conftest.c >&5
<command-line>:0:8: warning: missing terminating " character [enabled by default]
configure:5673: $? = 0
configure:5673: gcc -c -I/usr/include/libxml2  -g -DDEBUG -pthread -I/usr/include/dbus-1.0 -I/usr/lib/dbus-1.0/include   -DRCSID=\"$(IDGIT)\" conftest.c >&5
<command-line>:0:8: warning: missing terminating " character [enabled by default]
conftest.c: In function 'main':
conftest.c:74:20: error: expected expression before ')' token
 if (sizeof ((_Bool)))
                    ^
configure:5673: $? = 1
configure: failed program was:
| /* confdefs.h */
| #define PACKAGE_NAME "libnetconf"
| #define PACKAGE_TARNAME "libnetconf"
| #define PACKAGE_VERSION "0.5.99"
| #define PACKAGE_STRING "libnetconf 0.5.99"
| #define PACKAGE_BUGREPORT ""
| #define PACKAGE_URL ""
| #define HAVE_LIBSSH2 1
| #define STDC_HEADERS 1
| #define HAVE_SYS_TYPES_H 1
| #define HAVE_SYS_STAT_H 1
| #define HAVE_STDLIB_H 1
| #define HAVE_STRING_H 1
| #define HAVE_MEMORY_H 1
| #define HAVE_STRINGS_H 1
| #define HAVE_INTTYPES_H 1
| #define HAVE_STDINT_H 1
| #define HAVE_UNISTD_H 1
| #define HAVE_LIBSSH2_H 1
| #define HAVE_READLINE_READLINE_H 1
| #define HAVE_READLINE_HISTORY_H 1
| #define HAVE_EVENT2_EVENT_H 1
| #define HAVE_PTHREAD_PRIO_INHERIT 1
| #define HAVE_LIBCURL 1
| #define HAVE_CURL_CURL_H 1
| #define HAVE_FCNTL_H 1
| #define HAVE_LIMITS_H 1
| #define HAVE_NETDB_H 1
| #define HAVE_STDDEF_H 1
| #define HAVE_STDINT_H 1
| #define HAVE_STDLIB_H 1
| #define HAVE_STRING_H 1
| #define HAVE_SYS_SOCKET_H 1
| #define HAVE_TERMIOS_H 1
| #define HAVE_UNISTD_H 1
| #define HAVE_UTMPX_H 1
| /* end confdefs.h.  */
| #include <stdio.h>
| #ifdef HAVE_SYS_TYPES_H
| # include <sys/types.h>
| #endif
| #ifdef HAVE_SYS_STAT_H
| # include <sys/stat.h>
| #endif
| #ifdef STDC_HEADERS
| # include <stdlib.h>
| # include <stddef.h>
| #else
| # ifdef HAVE_STDLIB_H
| #  include <stdlib.h>
| # endif
| #endif
| #ifdef HAVE_STRING_H
| # if !defined STDC_HEADERS && defined HAVE_MEMORY_H
| #  include <memory.h>
| # endif
| # include <string.h>
| #endif
| #ifdef HAVE_STRINGS_H
| # include <strings.h>
| #endif
| #ifdef HAVE_INTTYPES_H
| # include <inttypes.h>
| #endif
| #ifdef HAVE_STDINT_H
| # include <stdint.h>
| #endif
| #ifdef HAVE_UNISTD_H
| # include <unistd.h>
| #endif
| int
| main ()
| {
| if (sizeof ((_Bool)))
| 	    return 0;
|   ;
|   return 0;
| }
configure:5673: result: yes
configure:5684: checking for uid_t in sys/types.h
<command-line>:0:8: warning: missing terminating " character [enabled by default]
configure:5703: result: yes
configure:5714: checking for int32_t
configure:5714: gcc -c -I/usr/include/libxml2  -g -DDEBUG -pthread -I/usr/include/dbus-1.0 -I/usr/lib/dbus-1.0/include   -DRCSID=\"$(IDGIT)\" conftest.c >&5
<command-line>:0:8: warning: missing terminating " character [enabled by default]
configure:5714: $? = 0
configure:5714: gcc -c -I/usr/include/libxml2  -g -DDEBUG -pthread -I/usr/include/dbus-1.0 -I/usr/lib/dbus-1.0/include   -DRCSID=\"$(IDGIT)\" conftest.c >&5
<command-line>:0:8: warning: missing terminating " character [enabled by default]
conftest.c: In function 'main':
conftest.c:77:53: warning: integer overflow in expression [-Woverflow]
    < (int32_t) (((((int32_t) 1 << N) << N) - 1) * 2 + 2))];
                                                     ^
conftest.c:76:12: error: storage size of 'test_array' isn't constant
 static int test_array [1 - 2 * !((int32_t) (((((int32_t) 1 << N) << N) - 1) * 2 + 1)
            ^
configure:5714: $? = 1
configure: failed program was:
| /* confdefs.h */
| #define PACKAGE_NAME "libnetconf"
| #define PACKAGE_TARNAME "libnetconf"
| #define PACKAGE_VERSION "0.5.99"
| #define PACKAGE_STRING "libnetconf 0.5.99"
| #define PACKAGE_BUGREPORT ""
| #define PACKAGE_URL ""
| #define HAVE_LIBSSH2 1
| #define STDC_HEADERS 1
| #define HAVE_SYS_TYPES_H 1
| #define HAVE_SYS_STAT_H 1
| #define HAVE_STDLIB_H 1
| #define HAVE_STRING_H 1
| #define HAVE_MEMORY_H 1
| #define HAVE_STRINGS_H 1
| #define HAVE_INTTYPES_H 1
| #define HAVE_STDINT_H 1
| #define HAVE_UNISTD_H 1
| #define HAVE_LIBSSH2_H 1
| #define HAVE_READLINE_READLINE_H 1
| #define HAVE_READLINE_HISTORY_H 1
| #define HAVE_EVENT2_EVENT_H 1
| #define HAVE_PTHREAD_PRIO_INHERIT 1
| #define HAVE_LIBCURL 1
| #define HAVE_CURL_CURL_H 1
| #define HAVE_FCNTL_H 1
| #define HAVE_LIMITS_H 1
| #define HAVE_NETDB_H 1
| #define HAVE_STDDEF_H 1
| #define HAVE_STDINT_H 1
| #define HAVE_STDLIB_H 1
| #define HAVE_STRING_H 1
| #define HAVE_SYS_SOCKET_H 1
| #define HAVE_TERMIOS_H 1
| #define HAVE_UNISTD_H 1
| #define HAVE_UTMPX_H 1
| #define HAVE__BOOL 1
| /* end confdefs.h.  */
| #include <stdio.h>
| #ifdef HAVE_SYS_TYPES_H
| # include <sys/types.h>
| #endif
| #ifdef HAVE_SYS_STAT_H
| # include <sys/stat.h>
| #endif
| #ifdef STDC_HEADERS
| # include <stdlib.h>
| # include <stddef.h>
| #else
| # ifdef HAVE_STDLIB_H
| #  include <stdlib.h>
| # endif
| #endif
| #ifdef HAVE_STRING_H
| # if !defined STDC_HEADERS && defined HAVE_MEMORY_H
| #  include <memory.h>
| # endif
| # include <string.h>
| #endif
| #ifdef HAVE_STRINGS_H
| # include <strings.h>
| #endif
| #ifdef HAVE_INTTYPES_H
| # include <inttypes.h>
| #endif
| #ifdef HAVE_STDINT_H
| # include <stdint.h>
| #endif
| #ifdef HAVE_UNISTD_H
| # include <unistd.h>
| #endif
| 	        enum { N = 32 / 2 - 1 };
| int
| main ()
| {
| static int test_array [1 - 2 * !((int32_t) (((((int32_t) 1 << N) << N) - 1) * 2 + 1)
| 		 < (int32_t) (((((int32_t) 1 << N) << N) - 1) * 2 + 2))];
| test_array [0] = 0;
| return test_array [0];
| 
|   ;
|   return 0;
| }
configure:5714: result: yes
configure:5725: checking for mode_t
configure:5725: gcc -c -I/usr/include/libxml2  -g -DDEBUG -pthread -I/usr/include/dbus-1.0 -I/usr/lib/dbus-1.0/include   -DRCSID=\"$(IDGIT)\" conftest.c >&5
<command-line>:0:8: warning: missing terminating " character [enabled by default]
configure:5725: $? = 0
configure:5725: gcc -c -I/usr/include/libxml2  -g -DDEBUG -pthread -I/usr/include/dbus-1.0 -I/usr/lib/dbus-1.0/include   -DRCSID=\"$(IDGIT)\" conftest.c >&5
<command-line>:0:8: warning: missing terminating " character [enabled by default]
conftest.c: In function 'main':
conftest.c:75:21: error: expected expression before ')' token
 if (sizeof ((mode_t)))
                     ^
configure:5725: $? = 1
configure: failed program was:
| /* confdefs.h */
| #define PACKAGE_NAME "libnetconf"
| #define PACKAGE_TARNAME "libnetconf"
| #define PACKAGE_VERSION "0.5.99"
| #define PACKAGE_STRING "libnetconf 0.5.99"
| #define PACKAGE_BUGREPORT ""
| #define PACKAGE_URL ""
| #define HAVE_LIBSSH2 1
| #define STDC_HEADERS 1
| #define HAVE_SYS_TYPES_H 1
| #define HAVE_SYS_STAT_H 1
| #define HAVE_STDLIB_H 1
| #define HAVE_STRING_H 1
| #define HAVE_MEMORY_H 1
| #define HAVE_STRINGS_H 1
| #define HAVE_INTTYPES_H 1
| #define HAVE_STDINT_H 1
| #define HAVE_UNISTD_H 1
| #define HAVE_LIBSSH2_H 1
| #define HAVE_READLINE_READLINE_H 1
| #define HAVE_READLINE_HISTORY_H 1
| #define HAVE_EVENT2_EVENT_H 1
| #define HAVE_PTHREAD_PRIO_INHERIT 1
| #define HAVE_LIBCURL 1
| #define HAVE_CURL_CURL_H 1
| #define HAVE_FCNTL_H 1
| #define HAVE_LIMITS_H 1
| #define HAVE_NETDB_H 1
| #define HAVE_STDDEF_H 1
| #define HAVE_STDINT_H 1
| #define HAVE_STDLIB_H 1
| #define HAVE_STRING_H 1
| #define HAVE_SYS_SOCKET_H 1
| #define HAVE_TERMIOS_H 1
| #define HAVE_UNISTD_H 1
| #define HAVE_UTMPX_H 1
| #define HAVE__BOOL 1
| /* end confdefs.h.  */
| #include <stdio.h>
| #ifdef HAVE_SYS_TYPES_H
| # include <sys/types.h>
| #endif
| #ifdef HAVE_SYS_STAT_H
| # include <sys/stat.h>
| #endif
| #ifdef STDC_HEADERS
| # include <stdlib.h>
| # include <stddef.h>
| #else
| # ifdef HAVE_STDLIB_H
| #  include <stdlib.h>
| # endif
| #endif
| #ifdef HAVE_STRING_H
| # if !defined STDC_HEADERS && defined HAVE_MEMORY_H
| #  include <memory.h>
| # endif
| # include <string.h>
| #endif
| #ifdef HAVE_STRINGS_H
| # include <strings.h>
| #endif
| #ifdef HAVE_INTTYPES_H
| # include <inttypes.h>
| #endif
| #ifdef HAVE_STDINT_H
| # include <stdint.h>
| #endif
| #ifdef HAVE_UNISTD_H
| # include <unistd.h>
| #endif
| int
| main ()
| {
| if (sizeof ((mode_t)))
| 	    return 0;
|   ;
|   return 0;
| }
configure:5725: result: yes
configure:5736: checking for off_t
configure:5736: gcc -c -I/usr/include/libxml2  -g -DDEBUG -pthread -I/usr/include/dbus-1.0 -I/usr/lib/dbus-1.0/include   -DRCSID=\"$(IDGIT)\" conftest.c >&5
<command-line>:0:8: warning: missing terminating " character [enabled by default]
configure:5736: $? = 0
configure:5736: gcc -c -I/usr/include/libxml2  -g -DDEBUG -pthread -I/usr/include/dbus-1.0 -I/usr/lib/dbus-1.0/include   -DRCSID=\"$(IDGIT)\" conftest.c >&5
<command-line>:0:8: warning: missing terminating " character [enabled by default]
conftest.c: In function 'main':
conftest.c:75:20: error: expected expression before ')' token
 if (sizeof ((off_t)))
                    ^
configure:5736: $? = 1
configure: failed program was:
| /* confdefs.h */
| #define PACKAGE_NAME "libnetconf"
| #define PACKAGE_TARNAME "libnetconf"
| #define PACKAGE_VERSION "0.5.99"
| #define PACKAGE_STRING "libnetconf 0.5.99"
| #define PACKAGE_BUGREPORT ""
| #define PACKAGE_URL ""
| #define HAVE_LIBSSH2 1
| #define STDC_HEADERS 1
| #define HAVE_SYS_TYPES_H 1
| #define HAVE_SYS_STAT_H 1
| #define HAVE_STDLIB_H 1
| #define HAVE_STRING_H 1
| #define HAVE_MEMORY_H 1
| #define HAVE_STRINGS_H 1
| #define HAVE_INTTYPES_H 1
| #define HAVE_STDINT_H 1
| #define HAVE_UNISTD_H 1
| #define HAVE_LIBSSH2_H 1
| #define HAVE_READLINE_READLINE_H 1
| #define HAVE_READLINE_HISTORY_H 1
| #define HAVE_EVENT2_EVENT_H 1
| #define HAVE_PTHREAD_PRIO_INHERIT 1
| #define HAVE_LIBCURL 1
| #define HAVE_CURL_CURL_H 1
| #define HAVE_FCNTL_H 1
| #define HAVE_LIMITS_H 1
| #define HAVE_NETDB_H 1
| #define HAVE_STDDEF_H 1
| #define HAVE_STDINT_H 1
| #define HAVE_STDLIB_H 1
| #define HAVE_STRING_H 1
| #define HAVE_SYS_SOCKET_H 1
| #define HAVE_TERMIOS_H 1
| #define HAVE_UNISTD_H 1
| #define HAVE_UTMPX_H 1
| #define HAVE__BOOL 1
| /* end confdefs.h.  */
| #include <stdio.h>
| #ifdef HAVE_SYS_TYPES_H
| # include <sys/types.h>
| #endif
| #ifdef HAVE_SYS_STAT_H
| # include <sys/stat.h>
| #endif
| #ifdef STDC_HEADERS
| # include <stdlib.h>
| # include <stddef.h>
| #else
| # ifdef HAVE_STDLIB_H
| #  include <stdlib.h>
| # endif
| #endif
| #ifdef HAVE_STRING_H
| # if !defined STDC_HEADERS && defined HAVE_MEMORY_H
| #  include <memory.h>
| # endif
| # include <string.h>
| #endif
| #ifdef HAVE_STRINGS_H
| # include <strings.h>
| #endif
| #ifdef HAVE_INTTYPES_H
| # include <inttypes.h>
| #endif
| #ifdef HAVE_STDINT_H
| # include <stdint.h>
| #endif
| #ifdef HAVE_UNISTD_H
| # include <unistd.h>
| #endif
| int
| main ()
| {
| if (sizeof ((off_t)))
| 	    return 0;
|   ;
|   return 0;
| }
configure:5736: result: yes
configure:5747: checking for pid_t
configure:5747: gcc -c -I/usr/include/libxml2  -g -DDEBUG -pthread -I/usr/include/dbus-1.0 -I/usr/lib/dbus-1.0/include   -DRCSID=\"$(IDGIT)\" conftest.c >&5
<command-line>:0:8: warning: missing terminating " character [enabled by default]
configure:5747: $? = 0
configure:5747: gcc -c -I/usr/include/libxml2  -g -DDEBUG -pthread -I/usr/include/dbus-1.0 -I/usr/lib/dbus-1.0/include   -DRCSID=\"$(IDGIT)\" conftest.c >&5
<command-line>:0:8: warning: missing terminating " character [enabled by default]
conftest.c: In function 'main':
conftest.c:75:20: error: expected expression before ')' token
 if (sizeof ((pid_t)))
                    ^
configure:5747: $? = 1
configure: failed program was:
| /* confdefs.h */
| #define PACKAGE_NAME "libnetconf"
| #define PACKAGE_TARNAME "libnetconf"
| #define PACKAGE_VERSION "0.5.99"
| #define PACKAGE_STRING "libnetconf 0.5.99"
| #define PACKAGE_BUGREPORT ""
| #define PACKAGE_URL ""
| #define HAVE_LIBSSH2 1
| #define STDC_HEADERS 1
| #define HAVE_SYS_TYPES_H 1
| #define HAVE_SYS_STAT_H 1
| #define HAVE_STDLIB_H 1
| #define HAVE_STRING_H 1
| #define HAVE_MEMORY_H 1
| #define HAVE_STRINGS_H 1
| #define HAVE_INTTYPES_H 1
| #define HAVE_STDINT_H 1
| #define HAVE_UNISTD_H 1
| #define HAVE_LIBSSH2_H 1
| #define HAVE_READLINE_READLINE_H 1
| #define HAVE_READLINE_HISTORY_H 1
| #define HAVE_EVENT2_EVENT_H 1
| #define HAVE_PTHREAD_PRIO_INHERIT 1
| #define HAVE_LIBCURL 1
| #define HAVE_CURL_CURL_H 1
| #define HAVE_FCNTL_H 1
| #define HAVE_LIMITS_H 1
| #define HAVE_NETDB_H 1
| #define HAVE_STDDEF_H 1
| #define HAVE_STDINT_H 1
| #define HAVE_STDLIB_H 1
| #define HAVE_STRING_H 1
| #define HAVE_SYS_SOCKET_H 1
| #define HAVE_TERMIOS_H 1
| #define HAVE_UNISTD_H 1
| #define HAVE_UTMPX_H 1
| #define HAVE__BOOL 1
| /* end confdefs.h.  */
| #include <stdio.h>
| #ifdef HAVE_SYS_TYPES_H
| # include <sys/types.h>
| #endif
| #ifdef HAVE_SYS_STAT_H
| # include <sys/stat.h>
| #endif
| #ifdef STDC_HEADERS
| # include <stdlib.h>
| # include <stddef.h>
| #else
| # ifdef HAVE_STDLIB_H
| #  include <stdlib.h>
| # endif
| #endif
| #ifdef HAVE_STRING_H
| # if !defined STDC_HEADERS && defined HAVE_MEMORY_H
| #  include <memory.h>
| # endif
| # include <string.h>
| #endif
| #ifdef HAVE_STRINGS_H
| # include <strings.h>
| #endif
| #ifdef HAVE_INTTYPES_H
| # include <inttypes.h>
| #endif
| #ifdef HAVE_STDINT_H
| # include <stdint.h>
| #endif
| #ifdef HAVE_UNISTD_H
| # include <unistd.h>
| #endif
| int
| main ()
| {
| if (sizeof ((pid_t)))
| 	    return 0;
|   ;
|   return 0;
| }
configure:5747: result: yes
configure:5758: checking for size_t
configure:5758: gcc -c -I/usr/include/libxml2  -g -DDEBUG -pthread -I/usr/include/dbus-1.0 -I/usr/lib/dbus-1.0/include   -DRCSID=\"$(IDGIT)\" conftest.c >&5
<command-line>:0:8: warning: missing terminating " character [enabled by default]
configure:5758: $? = 0
configure:5758: gcc -c -I/usr/include/libxml2  -g -DDEBUG -pthread -I/usr/include/dbus-1.0 -I/usr/lib/dbus-1.0/include   -DRCSID=\"$(IDGIT)\" conftest.c >&5
<command-line>:0:8: warning: missing terminating " character [enabled by default]
conftest.c: In function 'main':
conftest.c:75:21: error: expected expression before ')' token
 if (sizeof ((size_t)))
                     ^
configure:5758: $? = 1
configure: failed program was:
| /* confdefs.h */
| #define PACKAGE_NAME "libnetconf"
| #define PACKAGE_TARNAME "libnetconf"
| #define PACKAGE_VERSION "0.5.99"
| #define PACKAGE_STRING "libnetconf 0.5.99"
| #define PACKAGE_BUGREPORT ""
| #define PACKAGE_URL ""
| #define HAVE_LIBSSH2 1
| #define STDC_HEADERS 1
| #define HAVE_SYS_TYPES_H 1
| #define HAVE_SYS_STAT_H 1
| #define HAVE_STDLIB_H 1
| #define HAVE_STRING_H 1
| #define HAVE_MEMORY_H 1
| #define HAVE_STRINGS_H 1
| #define HAVE_INTTYPES_H 1
| #define HAVE_STDINT_H 1
| #define HAVE_UNISTD_H 1
| #define HAVE_LIBSSH2_H 1
| #define HAVE_READLINE_READLINE_H 1
| #define HAVE_READLINE_HISTORY_H 1
| #define HAVE_EVENT2_EVENT_H 1
| #define HAVE_PTHREAD_PRIO_INHERIT 1
| #define HAVE_LIBCURL 1
| #define HAVE_CURL_CURL_H 1
| #define HAVE_FCNTL_H 1
| #define HAVE_LIMITS_H 1
| #define HAVE_NETDB_H 1
| #define HAVE_STDDEF_H 1
| #define HAVE_STDINT_H 1
| #define HAVE_STDLIB_H 1
| #define HAVE_STRING_H 1
| #define HAVE_SYS_SOCKET_H 1
| #define HAVE_TERMIOS_H 1
| #define HAVE_UNISTD_H 1
| #define HAVE_UTMPX_H 1
| #define HAVE__BOOL 1
| /* end confdefs.h.  */
| #include <stdio.h>
| #ifdef HAVE_SYS_TYPES_H
| # include <sys/types.h>
| #endif
| #ifdef HAVE_SYS_STAT_H
| # include <sys/stat.h>
| #endif
| #ifdef STDC_HEADERS
| # include <stdlib.h>
| # include <stddef.h>
| #else
| # ifdef HAVE_STDLIB_H
| #  include <stdlib.h>
| # endif
| #endif
| #ifdef HAVE_STRING_H
| # if !defined STDC_HEADERS && defined HAVE_MEMORY_H
| #  include <memory.h>
| # endif
| # include <string.h>
| #endif
| #ifdef HAVE_STRINGS_H
| # include <strings.h>
| #endif
| #ifdef HAVE_INTTYPES_H
| # include <inttypes.h>
| #endif
| #ifdef HAVE_STDINT_H
| # include <stdint.h>
| #endif
| #ifdef HAVE_UNISTD_H
| # include <unistd.h>
| #endif
| int
| main ()
| {
| if (sizeof ((size_t)))
| 	    return 0;
|   ;
|   return 0;
| }
configure:5758: result: yes
configure:5769: checking for ssize_t
configure:5769: gcc -c -I/usr/include/libxml2  -g -DDEBUG -pthread -I/usr/include/dbus-1.0 -I/usr/lib/dbus-1.0/include   -DRCSID=\"$(IDGIT)\" conftest.c >&5
<command-line>:0:8: warning: missing terminating " character [enabled by default]
configure:5769: $? = 0
configure:5769: gcc -c -I/usr/include/libxml2  -g -DDEBUG -pthread -I/usr/include/dbus-1.0 -I/usr/lib/dbus-1.0/include   -DRCSID=\"$(IDGIT)\" conftest.c >&5
<command-line>:0:8: warning: missing terminating " character [enabled by default]
conftest.c: In function 'main':
conftest.c:75:22: error: expected expression before ')' token
 if (sizeof ((ssize_t)))
                      ^
configure:5769: $? = 1
configure: failed program was:
| /* confdefs.h */
| #define PACKAGE_NAME "libnetconf"
| #define PACKAGE_TARNAME "libnetconf"
| #define PACKAGE_VERSION "0.5.99"
| #define PACKAGE_STRING "libnetconf 0.5.99"
| #define PACKAGE_BUGREPORT ""
| #define PACKAGE_URL ""
| #define HAVE_LIBSSH2 1
| #define STDC_HEADERS 1
| #define HAVE_SYS_TYPES_H 1
| #define HAVE_SYS_STAT_H 1
| #define HAVE_STDLIB_H 1
| #define HAVE_STRING_H 1
| #define HAVE_MEMORY_H 1
| #define HAVE_STRINGS_H 1
| #define HAVE_INTTYPES_H 1
| #define HAVE_STDINT_H 1
| #define HAVE_UNISTD_H 1
| #define HAVE_LIBSSH2_H 1
| #define HAVE_READLINE_READLINE_H 1
| #define HAVE_READLINE_HISTORY_H 1
| #define HAVE_EVENT2_EVENT_H 1
| #define HAVE_PTHREAD_PRIO_INHERIT 1
| #define HAVE_LIBCURL 1
| #define HAVE_CURL_CURL_H 1
| #define HAVE_FCNTL_H 1
| #define HAVE_LIMITS_H 1
| #define HAVE_NETDB_H 1
| #define HAVE_STDDEF_H 1
| #define HAVE_STDINT_H 1
| #define HAVE_STDLIB_H 1
| #define HAVE_STRING_H 1
| #define HAVE_SYS_SOCKET_H 1
| #define HAVE_TERMIOS_H 1
| #define HAVE_UNISTD_H 1
| #define HAVE_UTMPX_H 1
| #define HAVE__BOOL 1
| /* end confdefs.h.  */
| #include <stdio.h>
| #ifdef HAVE_SYS_TYPES_H
| # include <sys/types.h>
| #endif
| #ifdef HAVE_SYS_STAT_H
| # include <sys/stat.h>
| #endif
| #ifdef STDC_HEADERS
| # include <stdlib.h>
| # include <stddef.h>
| #else
| # ifdef HAVE_STDLIB_H
| #  include <stdlib.h>
| # endif
| #endif
| #ifdef HAVE_STRING_H
| # if !defined STDC_HEADERS && defined HAVE_MEMORY_H
| #  include <memory.h>
| # endif
| # include <string.h>
| #endif
| #ifdef HAVE_STRINGS_H
| # include <strings.h>
| #endif
| #ifdef HAVE_INTTYPES_H
| # include <inttypes.h>
| #endif
| #ifdef HAVE_STDINT_H
| # include <stdint.h>
| #endif
| #ifdef HAVE_UNISTD_H
| # include <unistd.h>
| #endif
| int
| main ()
| {
| if (sizeof ((ssize_t)))
| 	    return 0;
|   ;
|   return 0;
| }
configure:5769: result: yes
configure:5780: checking for uint16_t
configure:5780: gcc -c -I/usr/include/libxml2  -g -DDEBUG -pthread -I/usr/include/dbus-1.0 -I/usr/lib/dbus-1.0/include   -DRCSID=\"$(IDGIT)\" conftest.c >&5
<command-line>:0:8: warning: missing terminating " character [enabled by default]
configure:5780: $? = 0
configure:5780: result: yes
configure:5792: checking for uint64_t
configure:5792: gcc -c -I/usr/include/libxml2  -g -DDEBUG -pthread -I/usr/include/dbus-1.0 -I/usr/lib/dbus-1.0/include   -DRCSID=\"$(IDGIT)\" conftest.c >&5
<command-line>:0:8: warning: missing terminating " character [enabled by default]
configure:5792: $? = 0
configure:5792: result: yes
configure:5806: checking for uint8_t
configure:5806: gcc -c -I/usr/include/libxml2  -g -DDEBUG -pthread -I/usr/include/dbus-1.0 -I/usr/lib/dbus-1.0/include   -DRCSID=\"$(IDGIT)\" conftest.c >&5
<command-line>:0:8: warning: missing terminating " character [enabled by default]
configure:5806: $? = 0
configure:5806: result: yes
configure:5824: checking for stdlib.h
configure:5824: result: yes
configure:5834: checking for GNU libc compatible malloc
configure:5858: gcc -o conftest -I/usr/include/libxml2  -g -DDEBUG -pthread -I/usr/include/dbus-1.0 -I/usr/lib/dbus-1.0/include   -DRCSID=\"$(IDGIT)\" -lxml2 -lz -lm -ldl  conftest.c -lcurl  -lssh2  -lrt -lutil -ldbus-1  >&5
<command-line>:0:8: warning: missing terminating " character [enabled by default]
configure:5858: $? = 0
configure:5858: ./conftest
configure:5858: $? = 0
configure:5868: result: yes
configure:5895: checking for stdlib.h
configure:5895: result: yes
configure:5895: checking for unistd.h
configure:5895: result: yes
configure:5895: checking for sys/param.h
configure:5895: gcc -c -I/usr/include/libxml2  -g -DDEBUG -pthread -I/usr/include/dbus-1.0 -I/usr/lib/dbus-1.0/include   -DRCSID=\"$(IDGIT)\" conftest.c >&5
<command-line>:0:8: warning: missing terminating " character [enabled by default]
configure:5895: $? = 0
configure:5895: result: yes
configure:5915: checking for getpagesize
configure:5915: gcc -o conftest -I/usr/include/libxml2  -g -DDEBUG -pthread -I/usr/include/dbus-1.0 -I/usr/lib/dbus-1.0/include   -DRCSID=\"$(IDGIT)\" -lxml2 -lz -lm -ldl  conftest.c -lcurl  -lssh2  -lrt -lutil -ldbus-1  >&5
<command-line>:0:8: warning: missing terminating " character [enabled by default]
configure:5915: $? = 0
configure:5915: result: yes
configure:5924: checking for working mmap
configure:6071: gcc -o conftest -I/usr/include/libxml2  -g -DDEBUG -pthread -I/usr/include/dbus-1.0 -I/usr/lib/dbus-1.0/include   -DRCSID=\"$(IDGIT)\" -lxml2 -lz -lm -ldl  conftest.c -lcurl  -lssh2  -lrt -lutil -ldbus-1  >&5
<command-line>:0:8: warning: missing terminating " character [enabled by default]
configure:6071: $? = 0
configure:6071: ./conftest
configure:6071: $? = 0
configure:6081: result: yes
configure:6092: checking for stdlib.h
configure:6092: result: yes
configure:6102: checking for GNU libc compatible realloc
configure:6126: gcc -o conftest -I/usr/include/libxml2  -g -DDEBUG -pthread -I/usr/include/dbus-1.0 -I/usr/lib/dbus-1.0/include   -DRCSID=\"$(IDGIT)\" -lxml2 -lz -lm -ldl  conftest.c -lcurl  -lssh2  -lrt -lutil -ldbus-1  >&5
<command-line>:0:8: warning: missing terminating " character [enabled by default]
configure:6126: $? = 0
configure:6126: ./conftest
configure:6126: $? = 0
configure:6136: result: yes
configure:6160: checking for ftruncate
configure:6160: gcc -o conftest -I/usr/include/libxml2  -g -DDEBUG -pthread -I/usr/include/dbus-1.0 -I/usr/lib/dbus-1.0/include   -DRCSID=\"$(IDGIT)\" -lxml2 -lz -lm -ldl  conftest.c -lcurl  -lssh2  -lrt -lutil -ldbus-1  >&5
<command-line>:0:8: warning: missing terminating " character [enabled by default]
configure:6160: $? = 0
configure:6160: result: yes
configure:6160: checking for memset
configure:6160: gcc -o conftest -I/usr/include/libxml2  -g -DDEBUG -pthread -I/usr/include/dbus-1.0 -I/usr/lib/dbus-1.0/include   -DRCSID=\"$(IDGIT)\" -lxml2 -lz -lm -ldl  conftest.c -lcurl  -lssh2  -lrt -lutil -ldbus-1  >&5
<command-line>:0:8: warning: missing terminating " character [enabled by default]
conftest.c:72:6: warning: conflicting types for built-in function 'memset' [enabled by default]
 char memset ();
      ^
configure:6160: $? = 0
configure:6160: result: yes
configure:6160: checking for mkdir
configure:6160: gcc -o conftest -I/usr/include/libxml2  -g -DDEBUG -pthread -I/usr/include/dbus-1.0 -I/usr/lib/dbus-1.0/include   -DRCSID=\"$(IDGIT)\" -lxml2 -lz -lm -ldl  conftest.c -lcurl  -lssh2  -lrt -lutil -ldbus-1  >&5
<command-line>:0:8: warning: missing terminating " character [enabled by default]
configure:6160: $? = 0
configure:6160: result: yes
configure:6160: checking for munmap
configure:6160: gcc -o conftest -I/usr/include/libxml2  -g -DDEBUG -pthread -I/usr/include/dbus-1.0 -I/usr/lib/dbus-1.0/include   -DRCSID=\"$(IDGIT)\" -lxml2 -lz -lm -ldl  conftest.c -lcurl  -lssh2  -lrt -lutil -ldbus-1  >&5
<command-line>:0:8: warning: missing terminating " character [enabled by default]
configure:6160: $? = 0
configure:6160: result: yes
configure:6160: checking for socket
configure:6160: gcc -o conftest -I/usr/include/libxml2  -g -DDEBUG -pthread -I/usr/include/dbus-1.0 -I/usr/lib/dbus-1.0/include   -DRCSID=\"$(IDGIT)\" -lxml2 -lz -lm -ldl  conftest.c -lcurl  -lssh2  -lrt -lutil -ldbus-1  >&5
<command-line>:0:8: warning: missing terminating " character [enabled by default]
configure:6160: $? = 0
configure:6160: result: yes
configure:6160: checking for strchr
configure:6160: gcc -o conftest -I/usr/include/libxml2  -g -DDEBUG -pthread -I/usr/include/dbus-1.0 -I/usr/lib/dbus-1.0/include   -DRCSID=\"$(IDGIT)\" -lxml2 -lz -lm -ldl  conftest.c -lcurl  -lssh2  -lrt -lutil -ldbus-1  >&5
<command-line>:0:8: warning: missing terminating " character [enabled by default]
conftest.c:76:6: warning: conflicting types for built-in function 'strchr' [enabled by default]
 char strchr ();
      ^
configure:6160: $? = 0
configure:6160: result: yes
configure:6160: checking for strdup
configure:6160: gcc -o conftest -I/usr/include/libxml2  -g -DDEBUG -pthread -I/usr/include/dbus-1.0 -I/usr/lib/dbus-1.0/include   -DRCSID=\"$(IDGIT)\" -lxml2 -lz -lm -ldl  conftest.c -lcurl  -lssh2  -lrt -lutil -ldbus-1  >&5
<command-line>:0:8: warning: missing terminating " character [enabled by default]
conftest.c:77:6: warning: conflicting types for built-in function 'strdup' [enabled by default]
 char strdup ();
      ^
configure:6160: $? = 0
configure:6160: result: yes
configure:6160: checking for strerror
configure:6160: gcc -o conftest -I/usr/include/libxml2  -g -DDEBUG -pthread -I/usr/include/dbus-1.0 -I/usr/lib/dbus-1.0/include   -DRCSID=\"$(IDGIT)\" -lxml2 -lz -lm -ldl  conftest.c -lcurl  -lssh2  -lrt -lutil -ldbus-1  >&5
<command-line>:0:8: warning: missing terminating " character [enabled by default]
configure:6160: $? = 0
configure:6160: result: yes
configure:6160: checking for strrchr
configure:6160: gcc -o conftest -I/usr/include/libxml2  -g -DDEBUG -pthread -I/usr/include/dbus-1.0 -I/usr/lib/dbus-1.0/include   -DRCSID=\"$(IDGIT)\" -lxml2 -lz -lm -ldl  conftest.c -lcurl  -lssh2  -lrt -lutil -ldbus-1  >&5
<command-line>:0:8: warning: missing terminating " character [enabled by default]
conftest.c:79:6: warning: conflicting types for built-in function 'strrchr' [enabled by default]
 char strrchr ();
      ^
configure:6160: $? = 0
configure:6160: result: yes
configure:6160: checking for strstr
configure:6160: gcc -o conftest -I/usr/include/libxml2  -g -DDEBUG -pthread -I/usr/include/dbus-1.0 -I/usr/lib/dbus-1.0/include   -DRCSID=\"$(IDGIT)\" -lxml2 -lz -lm -ldl  conftest.c -lcurl  -lssh2  -lrt -lutil -ldbus-1  >&5
<command-line>:0:8: warning: missing terminating " character [enabled by default]
conftest.c:80:6: warning: conflicting types for built-in function 'strstr' [enabled by default]
 char strstr ();
      ^
configure:6160: $? = 0
configure:6160: result: yes
configure:6160: checking for strtol
configure:6160: gcc -o conftest -I/usr/include/libxml2  -g -DDEBUG -pthread -I/usr/include/dbus-1.0 -I/usr/lib/dbus-1.0/include   -DRCSID=\"$(IDGIT)\" -lxml2 -lz -lm -ldl  conftest.c -lcurl  -lssh2  -lrt -lutil -ldbus-1  >&5
<command-line>:0:8: warning: missing terminating " character [enabled by default]
configure:6160: $? = 0
configure:6160: result: yes
configure:6160: checking for strtoul
configure:6160: gcc -o conftest -I/usr/include/libxml2  -g -DDEBUG -pthread -I/usr/include/dbus-1.0 -I/usr/lib/dbus-1.0/include   -DRCSID=\"$(IDGIT)\" -lxml2 -lz -lm -ldl  conftest.c -lcurl  -lssh2  -lrt -lutil -ldbus-1  >&5
<command-line>:0:8: warning: missing terminating " character [enabled by default]
configure:6160: $? = 0
configure:6160: result: yes
configure:6182: checking for eaccess
configure:6182: gcc -o conftest -I/usr/include/libxml2  -g -DDEBUG -pthread -I/usr/include/dbus-1.0 -I/usr/lib/dbus-1.0/include   -DRCSID=\"$(IDGIT)\" -lxml2 -lz -lm -ldl  conftest.c -lcurl  -lssh2  -lrt -lutil -ldbus-1  >&5
<command-line>:0:8: warning: missing terminating " character [enabled by default]
configure:6182: $? = 0
configure:6182: result: yes
configure:6392: creating ./config.status

## ---------------------- ##
## Running config.status. ##
## ---------------------- ##

This file was extended by libnetconf config.status 0.5.99, which was
generated by GNU Autoconf 2.69.  Invocation command line was

  CONFIG_FILES    = 
  CONFIG_HEADERS  = 
  CONFIG_LINKS    = 
  CONFIG_COMMANDS = 
  $ ./config.status 

on PC-Vlk

config.status:804: creating Makefile
config.status:804: creating src/config.h
config.status:804: creating libnetconf.spec
config.status:804: creating libnetconf.pc
config.status:804: creating Doxyfile
config.status:804: creating headers/libnetconf.h
config.status:804: creating headers/libnetconf_xml.h
config.status:804: creating examples/client/Makefile
config.status:804: creating examples/server/Makefile
config.status:804: creating examples/tools/Makefile

## ---------------- ##
## Cache variables. ##
## ---------------- ##

ac_cv_build=x86_64-unknown-linux-gnu
ac_cv_c_compiler_gnu=yes
ac_cv_c_int32_t=yes
ac_cv_c_uint16_t=yes
ac_cv_c_uint64_t=yes
ac_cv_c_uint8_t=yes
ac_cv_env_CC_set=
ac_cv_env_CC_value=
ac_cv_env_CFLAGS_set=
ac_cv_env_CFLAGS_value=
ac_cv_env_CPPFLAGS_set=
ac_cv_env_CPPFLAGS_value=
ac_cv_env_CPP_set=
ac_cv_env_CPP_value=
ac_cv_env_CURL_CFLAGS_set=
ac_cv_env_CURL_CFLAGS_value=
ac_cv_env_CURL_LIBS_set=
ac_cv_env_CURL_LIBS_value=
ac_cv_env_DBUS_CFLAGS_set=
ac_cv_env_DBUS_CFLAGS_value=
ac_cv_env_DBUS_LIBS_set=
ac_cv_env_DBUS_LIBS_value=
ac_cv_env_LDFLAGS_set=
ac_cv_env_LDFLAGS_value=
ac_cv_env_LIBSSH2_HANDSHAKE_CFLAGS_set=
ac_cv_env_LIBSSH2_HANDSHAKE_CFLAGS_value=
ac_cv_env_LIBSSH2_HANDSHAKE_LIBS_set=
ac_cv_env_LIBSSH2_HANDSHAKE_LIBS_value=
ac_cv_env_LIBSSH2_TIMEOUT_CFLAGS_set=
ac_cv_env_LIBSSH2_TIMEOUT_CFLAGS_value=
ac_cv_env_LIBSSH2_TIMEOUT_LIBS_set=
ac_cv_env_LIBSSH2_TIMEOUT_LIBS_value=
ac_cv_env_LIBS_set=
ac_cv_env_LIBS_value=
ac_cv_env_PKG_CONFIG_LIBDIR_set=
ac_cv_env_PKG_CONFIG_LIBDIR_value=
ac_cv_env_PKG_CONFIG_PATH_set=
ac_cv_env_PKG_CONFIG_PATH_value=
ac_cv_env_PKG_CONFIG_set=
ac_cv_env_PKG_CONFIG_value=
ac_cv_env_build_alias_set=
ac_cv_env_build_alias_value=
ac_cv_env_host_alias_set=
ac_cv_env_host_alias_value=
ac_cv_env_target_alias_set=
ac_cv_env_target_alias_value=
ac_cv_func_eaccess=yes
ac_cv_func_ftruncate=yes
ac_cv_func_getpagesize=yes
ac_cv_func_malloc_0_nonnull=yes
ac_cv_func_memset=yes
ac_cv_func_mkdir=yes
ac_cv_func_mmap_fixed_mapped=yes
ac_cv_func_munmap=yes
ac_cv_func_realloc_0_nonnull=yes
ac_cv_func_socket=yes
ac_cv_func_strchr=yes
ac_cv_func_strdup=yes
ac_cv_func_strerror=yes
ac_cv_func_strrchr=yes
ac_cv_func_strstr=yes
ac_cv_func_strtol=yes
ac_cv_func_strtoul=yes
ac_cv_header_curl_curl_h=yes
ac_cv_header_event2_event_h=yes
ac_cv_header_fcntl_h=yes
ac_cv_header_inttypes_h=yes
ac_cv_header_libssh2_h=yes
ac_cv_header_limits_h=yes
ac_cv_header_memory_h=yes
ac_cv_header_netdb_h=yes
ac_cv_header_readline_history_h=yes
ac_cv_header_readline_readline_h=yes
ac_cv_header_stdbool_h=yes
ac_cv_header_stdc=yes
ac_cv_header_stddef_h=yes
ac_cv_header_stdint_h=yes
ac_cv_header_stdlib_h=yes
ac_cv_header_string_h=yes
ac_cv_header_strings_h=yes
ac_cv_header_sys_param_h=yes
ac_cv_header_sys_socket_h=yes
ac_cv_header_sys_stat_h=yes
ac_cv_header_sys_types_h=yes
ac_cv_header_termios_h=yes
ac_cv_header_unistd_h=yes
ac_cv_header_utmpx_h=yes
ac_cv_host=x86_64-unknown-linux-gnu
ac_cv_lib_curl_curl_global_init=yes
ac_cv_lib_event_event_base_dispatch=yes
ac_cv_lib_readline_readline=yes
ac_cv_lib_ssh2_libssh2_version=yes
ac_cv_objext=o
ac_cv_path_EGREP='/usr/bin/grep -E'
ac_cv_path_GREP=/usr/bin/grep
ac_cv_path_PKG_CONFIG=/usr/bin/pkg-config
ac_cv_path_install='/usr/bin/install -c'
ac_cv_prog_CPP='gcc -E'
ac_cv_prog_DOXYGEN=no
ac_cv_prog_RPMBUILD=no
ac_cv_prog_XML2_CONFIG=yes
ac_cv_prog_ac_ct_CC=gcc
ac_cv_prog_cc_c89=
ac_cv_prog_cc_g=yes
ac_cv_type__Bool=yes
ac_cv_type_mode_t=yes
ac_cv_type_off_t=yes
ac_cv_type_pid_t=yes
ac_cv_type_size_t=yes
ac_cv_type_ssize_t=yes
ac_cv_type_uid_t=yes
ax_cv_PTHREAD_PRIO_INHERIT=yes
pkg_cv_CURL_CFLAGS=
pkg_cv_CURL_LIBS='-lcurl '
pkg_cv_DBUS_CFLAGS='-I/usr/include/dbus-1.0 -I/usr/lib/dbus-1.0/include '
pkg_cv_DBUS_LIBS='-ldbus-1 '
pkg_cv_LIBSSH2_HANDSHAKE_CFLAGS=
pkg_cv_LIBSSH2_HANDSHAKE_LIBS='-lssh2 -Wl,-O1,--sort-common,--as-needed,-z,relro '
pkg_cv_LIBSSH2_TIMEOUT_CFLAGS=
pkg_cv_LIBSSH2_TIMEOUT_LIBS='-lssh2 -Wl,-O1,--sort-common,--as-needed,-z,relro '

## ----------------- ##
## Output variables. ##
## ----------------- ##

BUILDREQS=' libcurl-devel'
CC='gcc'
CFLAGS='-I/usr/include/libxml2  -g -DDEBUG -pthread -I/usr/include/dbus-1.0 -I/usr/lib/dbus-1.0/include '
CONFIGURE_ARGS=''
CONFIGURE_PARAMS=''
CONFIGURE_PWD='/home/fuf/libnetconf'
CPP='gcc -E'
CPPFLAGS=' -DRCSID=\"$(IDGIT)\"'
CURL_CFLAGS=''
CURL_LIBS='-lcurl '
DBUS_CFLAGS='-I/usr/include/dbus-1.0 -I/usr/lib/dbus-1.0/include '
DBUS_CONFDIR='/etc/dbus-1/'
DBUS_LIBS='-ldbus-1 '
DBUS_NOTIFICATION_CONF='/etc/dbus-1//system.d/libnetconf.notifications.conf'
DEFS='-DPACKAGE_NAME=\"libnetconf\" -DPACKAGE_TARNAME=\"libnetconf\" -DPACKAGE_VERSION=\"0.5.99\" -DPACKAGE_STRING=\"libnetconf\ 0.5.99\" -DPACKAGE_BUGREPORT=\"\" -DPACKAGE_URL=\"\" -DHAVE_LIBSSH2=1 -DSTDC_HEADERS=1 -DHAVE_SYS_TYPES_H=1 -DHAVE_SYS_STAT_H=1 -DHAVE_STDLIB_H=1 -DHAVE_STRING_H=1 -DHAVE_MEMORY_H=1 -DHAVE_STRINGS_H=1 -DHAVE_INTTYPES_H=1 -DHAVE_STDINT_H=1 -DHAVE_UNISTD_H=1 -DHAVE_LIBSSH2_H=1 -DHAVE_READLINE_READLINE_H=1 -DHAVE_READLINE_HISTORY_H=1 -DHAVE_EVENT2_EVENT_H=1 -DHAVE_PTHREAD_PRIO_INHERIT=1 -DHAVE_LIBCURL=1 -DHAVE_CURL_CURL_H=1 -DHAVE_FCNTL_H=1 -DHAVE_LIMITS_H=1 -DHAVE_NETDB_H=1 -DHAVE_STDDEF_H=1 -DHAVE_STDINT_H=1 -DHAVE_STDLIB_H=1 -DHAVE_STRING_H=1 -DHAVE_SYS_SOCKET_H=1 -DHAVE_TERMIOS_H=1 -DHAVE_UNISTD_H=1 -DHAVE_UTMPX_H=1 -DHAVE__BOOL=1 -DHAVE_STDLIB_H=1 -DHAVE_MALLOC=1 -DHAVE_STDLIB_H=1 -DHAVE_UNISTD_H=1 -DHAVE_SYS_PARAM_H=1 -DHAVE_GETPAGESIZE=1 -DHAVE_MMAP=1 -DHAVE_STDLIB_H=1 -DHAVE_REALLOC=1 -DHAVE_FTRUNCATE=1 -DHAVE_MEMSET=1 -DHAVE_MKDIR=1 -DHAVE_MUNMAP=1 -DHAVE_SOCKET=1 -DHAVE_STRCHR=1 -DHAVE_STRDUP=1 -DHAVE_STRERROR=1 -DHAVE_STRRCHR=1 -DHAVE_STRSTR=1 -DHAVE_STRTOL=1 -DHAVE_STRTOUL=1'
DISTRO=''
DOXYGEN='no'
ECHO_C=''
ECHO_N='-n'
ECHO_T=''
EGREP='/usr/bin/grep -E'
EXEEXT=''
GREP='/usr/bin/grep'
HAVE_EACCESS='#define HAVE_EACCESS'
HDRS_PRIV_NOTIFICATIONS='src/notifications.h src/notifications_xml.h'
HDRS_PRIV_URL='src/url_internal.h src/url.h'
HDRS_PUBL_SUBDIR_NOTIFICATIONS='src/notifications.h src/notifications_xml.h'
HDRS_PUBL_SUBDIR_URL='src/url.h'
INCLUDE_NOTIFICATIONS='#include "libnetconf/notifications.h"'
INCLUDE_NOTIFICATIONS_XML='#include "libnetconf/notifications_xml.h"'
INCLUDE_URL='#include "libnetconf/url.h"'
INSTALL_DATA='${INSTALL} -m 644'
INSTALL_PROGRAM='${INSTALL}'
INSTALL_SCRIPT='${INSTALL}'
LDFLAGS='-lxml2 -lz -lm -ldl '
LIBOBJS=''
LIBS='-lcurl  -lssh2  -lrt -lutil -ldbus-1 '
LIBSSH2_HANDSHAKE_CFLAGS=''
LIBSSH2_HANDSHAKE_LIBS='-lssh2 -Wl,-O1,--sort-common,--as-needed,-z,relro '
LIBSSH2_SESSION_HANDSHAKE='libssh2_session_handshake'
LIBSSH2_SET_TIMEOUT='libssh2_session_set_timeout(session,timeout)'
LIBSSH2_TIMEOUT_CFLAGS=''
LIBSSH2_TIMEOUT_LIBS='-lssh2 -Wl,-O1,--sort-common,--as-needed,-z,relro '
LN_S='ln -s'
LTLIBOBJS=''
NACM_RECOVERY_UID='0'
NC_WORKINGDIR_PATH='/var/lib/libnetconf/'
OBJEXT='o'
PACKAGE_BUGREPORT=''
PACKAGE_NAME='libnetconf'
PACKAGE_STRING='libnetconf 0.5.99'
PACKAGE_TARNAME='libnetconf'
PACKAGE_URL=''
PACKAGE_VERSION='0.5.99'
PATH_SEPARATOR=':'
PKG_CONFIG='/usr/bin/pkg-config'
PKG_CONFIG_LIBDIR=''
PKG_CONFIG_PATH='/usr/local/lib/pkgconfig:'
PROVIDES=' libnetconf-notifications libnetconf-notifications'
PTHREAD_CC='gcc'
PTHREAD_CFLAGS='-pthread'
PTHREAD_LIBS=''
RELEASE='1'
REQS=' libcurl'
RPMBUILD='no'
SERVERCFG_PATH='/var/lib/libnetconf/server/'
SETBIT='0'
SETGROUP=''
SETUSER=''
SHELL='/bin/sh'
SRCS_NOTIFICATIONS='src/notifications.c'
SRCS_URL='src/url.c'
SSH_PROG=''
SUBDIRS='./examples/client/ ./examples/server/ ./examples/tools/'
UNAME=''
USERMAIL='ondrasek.vlk@google.com'
USERNAME='Ondej Vlk'
V_SHLIB_CMD=''
V_SHLIB_OPT=''
V_SONAME_OPT=''
XML2_CONFIG='yes'
ac_ct_CC='gcc'
ax_pthread_config=''
bindir='${exec_prefix}/bin'
build='x86_64-unknown-linux-gnu'
build_alias=''
build_cpu='x86_64'
build_os='linux-gnu'
build_vendor='unknown'
datadir='${datarootdir}'
datarootdir='${prefix}/share'
docdir='${datarootdir}/doc/${PACKAGE_TARNAME}'
dvidir='${docdir}'
exec_prefix='${prefix}'
host='x86_64-unknown-linux-gnu'
host_alias=''
host_cpu='x86_64'
host_os='linux-gnu'
host_vendor='unknown'
htmldir='${docdir}'
includedir='${prefix}/include'
infodir='${datarootdir}/info'
libdir='${exec_prefix}/lib'
libexecdir='${exec_prefix}/libexec'
localedir='${datarootdir}/locale'
localstatedir='${prefix}/var'
mandir='${datarootdir}/man'
oldincludedir='/usr/include'
pdfdir='${docdir}'
prefix='/usr/local'
program_transform_name='s,x,x,'
psdir='${docdir}'
sbindir='${exec_prefix}/sbin'
sharedstatedir='${prefix}/com'
sysconfdir='${prefix}/etc'
target_alias=''

## ----------- ##
## confdefs.h. ##
## ----------- ##

/* confdefs.h */
#define PACKAGE_NAME "libnetconf"
#define PACKAGE_TARNAME "libnetconf"
#define PACKAGE_VERSION "0.5.99"
#define PACKAGE_STRING "libnetconf 0.5.99"
#define PACKAGE_BUGREPORT ""
#define PACKAGE_URL ""
#define HAVE_LIBSSH2 1
#define STDC_HEADERS 1
#define HAVE_SYS_TYPES_H 1
#define HAVE_SYS_STAT_H 1
#define HAVE_STDLIB_H 1
#define HAVE_STRING_H 1
#define HAVE_MEMORY_H 1
#define HAVE_STRINGS_H 1
#define HAVE_INTTYPES_H 1
#define HAVE_STDINT_H 1
#define HAVE_UNISTD_H 1
#define HAVE_LIBSSH2_H 1
#define HAVE_READLINE_READLINE_H 1
#define HAVE_READLINE_HISTORY_H 1
#define HAVE_EVENT2_EVENT_H 1
#define HAVE_PTHREAD_PRIO_INHERIT 1
#define HAVE_LIBCURL 1
#define HAVE_CURL_CURL_H 1
#define HAVE_FCNTL_H 1
#define HAVE_LIMITS_H 1
#define HAVE_NETDB_H 1
#define HAVE_STDDEF_H 1
#define HAVE_STDINT_H 1
#define HAVE_STDLIB_H 1
#define HAVE_STRING_H 1
#define HAVE_SYS_SOCKET_H 1
#define HAVE_TERMIOS_H 1
#define HAVE_UNISTD_H 1
#define HAVE_UTMPX_H 1
#define HAVE__BOOL 1
#define HAVE_STDLIB_H 1
#define HAVE_MALLOC 1
#define HAVE_STDLIB_H 1
#define HAVE_UNISTD_H 1
#define HAVE_SYS_PARAM_H 1
#define HAVE_GETPAGESIZE 1
#define HAVE_MMAP 1
#define HAVE_STDLIB_H 1
#define HAVE_REALLOC 1
#define HAVE_FTRUNCATE 1
#define HAVE_MEMSET 1
#define HAVE_MKDIR 1
#define HAVE_MUNMAP 1
#define HAVE_SOCKET 1
#define HAVE_STRCHR 1
#define HAVE_STRDUP 1
#define HAVE_STRERROR 1
#define HAVE_STRRCHR 1
#define HAVE_STRSTR 1
#define HAVE_STRTOL 1
#define HAVE_STRTOUL 1

configure: exit 0
